<?xml version="1.0" encoding="UTF-8"?>
<!-- Generated by org.testng.reporters.JUnitReportReporter -->
<testsuite skipped="0" hostname="LAPTOP-KO317EUS" name="pages.Mtest" tests="4" failures="0" timestamp="2020-04-10T06:07:19 PDT" time="3.019" errors="0">
  <testcase name="dropTest" time="1.798" classname="pages.Mtest"/>
  <system-out/>
  <testcase name="textboxTest" time="0.109" classname="pages.Mtest"/>
  <system-out/>
  <testcase name="mapssearchTest" time="0.600" classname="pages.Mtest"/>
  <system-out/>
  <testcase name="mapsTest" time="0.512" classname="pages.Mtest"/>
  <system-out/>
</testsuite> <!-- pages.Mtest -->
